2026-07-12 08:32:11,183 [INFO] nids.main: ======================================================================
2026-07-12 08:32:11,183 [INFO] nids.main: KHOI DONG NIDS REALTIME PIPELINE (4 FLOW)
2026-07-12 08:32:11,183 [INFO] nids.main: Windows thoi gian: [1, 3, 5] | Model dir: /app/models
2026-07-12 08:32:11,184 [INFO] nids.main: ======================================================================
2026-07-12 08:32:11,184 [INFO] nids.inference: Dang load model/scaler/label_encoder/feature_list tu disk...
2026-07-12 08:32:12,518 [INFO] nids.inference: Da load xong model. So feature=42 | So class=13 | Classes=['BENIGN', 'Bot', 'DDoS', 'DoS GoldenEye', 'DoS Hulk', 'DoS Slowhttptest', 'DoS slowloris', 'FTP-Patator', 'Heartbleed', 'Infiltration', 'PortScan', 'SSH-Patator', 'Web Attack']
2026-07-12 08:32:12,519 [INFO] nids.features: Flow2 worker (window=1s) bat dau.
2026-07-12 08:32:12,519 [INFO] nids.features: Flow2 worker (window=3s) bat dau.
2026-07-12 08:32:12,520 [INFO] nids.features: Flow2 worker (window=5s) bat dau.
2026-07-12 08:32:12,520 [INFO] nids.inference: Flow3 (Inference Engine) bat dau. required_windows={1, 3, 5} | min_windows=2 | confirm_streak=2
2026-07-12 08:32:12,520 [INFO] nids.alert: Flow4 (Alert Manager) bat dau.
2026-07-12 08:32:12,521 [INFO] nids.capture: Flow1 (Packet Capture) bat dau. interface=<default> filter='ip'
2026-07-12 08:32:12,521 [INFO] nids.main: Pipeline da chay xong. Nhan Ctrl+C de dung an toan.
2026-07-12 08:32:22,522 [INFO] nids.main: STAT | packet=9 | dropped=0 | Q1=0 | Q2=0 | alertQ=0 | active_flows=8 | flows_cleaned=0
2026-07-12 08:32:32,522 [INFO] nids.main: STAT | packet=235 | dropped=0 | Q1=0 | Q2=0 | alertQ=0 | active_flows=14 | flows_cleaned=0
2026-07-12 08:32:42,523 [INFO] nids.main: STAT | packet=244 | dropped=0 | Q1=0 | Q2=0 | alertQ=0 | active_flows=17 | flows_cleaned=0
2026-07-12 08:32:52,524 [INFO] nids.main: STAT | packet=256 | dropped=0 | Q1=0 | Q2=0 | alertQ=0 | active_flows=19 | flows_cleaned=0
2026-07-12 08:33:02,524 [INFO] nids.main: STAT | packet=263 | dropped=0 | Q1=0 | Q2=0 | alertQ=0 | active_flows=20 | flows_cleaned=0
2026-07-12 08:33:12,525 [INFO] nids.main: STAT | packet=271 | dropped=0 | Q1=0 | Q2=0 | alertQ=0 | active_flows=22 | flows_cleaned=0
2026-07-12 08:33:22,526 [INFO] nids.main: STAT | packet=283 | dropped=0 | Q1=0 | Q2=0 | alertQ=0 | active_flows=27 | flows_cleaned=0
2026-07-12 08:33:32,526 [INFO] nids.main: STAT | packet=424 | dropped=0 | Q1=0 | Q2=0 | alertQ=0 | active_flows=34 | flows_cleaned=0
2026-07-12 08:33:42,527 [INFO] nids.main: STAT | packet=434 | dropped=0 | Q1=0 | Q2=0 | alertQ=0 | active_flows=36 | flows_cleaned=0
2026-07-12 08:33:52,532 [INFO] nids.main: STAT | packet=1105 | dropped=0 | Q1=0 | Q2=137 | alertQ=0 | active_flows=81 | flows_cleaned=0
